11:31:04.464 [http-nio-8080-exec-2] INFO  controller.BaseServlet - method:login执行成功！
11:31:05.795 [http-nio-8080-exec-3] INFO  controller.BaseServlet - method:showInformation执行成功！
11:31:07.981 [http-nio-8080-exec-6] INFO  controller.BaseServlet - method:showPersonal_enterprise执行成功！
11:31:11.100 [http-nio-8080-exec-7] INFO  controller.BaseServlet - method:showInformation执行成功！
11:31:12.370 [http-nio-8080-exec-8] INFO  controller.BaseServlet - method:loginOut执行成功！
2024:11:43:35.332 [http-nio-8080-exec-2] INFO  controller.BaseServlet - method:login执行成功！
2024:11:43:36.220 [http-nio-8080-exec-3] INFO  controller.BaseServlet - method:showInformation执行成功！
2024:22:15:28.527 [http-nio-8080-exec-2] INFO  controller.BaseServlet - method:login执行成功！
2024:22:15:29.734 [http-nio-8080-exec-4] INFO  controller.BaseServlet - method:showInformation执行成功！
2024:22:15:31.799 [http-nio-8080-exec-7] INFO  controller.BaseServlet - method:showPersonal_enterprise执行成功！
2024:22:30:04.279 [http-nio-8080-exec-7] ERROR controller.BaseServlet - null
2024:22:30:06.899 [http-nio-8080-exec-9] ERROR controller.BaseServlet - null
2024:22:30:09.856 [http-nio-8080-exec-10] INFO  controller.BaseServlet - method:showInformation执行成功！
2024:22:30:31.577 [http-nio-8080-exec-7] INFO  controller.BaseServlet - method:login执行成功！
2024:22:30:32.639 [http-nio-8080-exec-8] INFO  controller.BaseServlet - method:showInformation执行成功！
2024:22:30:37.080 [http-nio-8080-exec-9] INFO  controller.BaseServlet - method:showPersonal_enterprise执行成功！
2024:23:26:52.052 [http-nio-8080-exec-2] INFO  controller.BaseServlet - method:login执行成功！
2024:23:27:09.615 [http-nio-8080-exec-4] INFO  controller.BaseServlet - method:login执行成功！
2024:23:27:10.812 [http-nio-8080-exec-6] INFO  controller.BaseServlet - method:showInformation执行成功！
2024:23:27:12.422 [http-nio-8080-exec-7] INFO  controller.BaseServlet - method:showPersonal_enterprise执行成功！
2024:00:05:22.554 [http-nio-8080-exec-2] INFO  controller.BaseServlet - method:login执行成功！
2024:00:05:23.590 [http-nio-8080-exec-3] INFO  controller.BaseServlet - method:showInformation执行成功！
2024:00:05:25.056 [http-nio-8080-exec-5] INFO  controller.BaseServlet - method:showPersonal_enterprise执行成功！
2024:00:06:35.833 [http-nio-8080-exec-4] INFO  controller.BaseServlet - method:login执行成功！
2024:00:06:37.153 [http-nio-8080-exec-3] INFO  controller.BaseServlet - method:showInformation执行成功！
2024:00:06:38.542 [http-nio-8080-exec-6] INFO  controller.BaseServlet - method:showPersonal_enterprise执行成功！
2024:17:51:38.882 [http-nio-8080-exec-5] INFO  controller.BaseServlet - method:login执行成功！
2024:17:51:40.131 [http-nio-8080-exec-7] INFO  controller.BaseServlet - method:showInformation执行成功！
2024:17:51:41.507 [http-nio-8080-exec-10] INFO  controller.BaseServlet - method:showPersonal_enterprise执行成功！
2024:18:22:27.810 [http-nio-8080-exec-6] INFO  controller.BaseServlet - method:login执行成功！
2024:18:22:28.847 [http-nio-8080-exec-7] INFO  controller.BaseServlet - method:showInformation执行成功！
2024:18:22:30.125 [http-nio-8080-exec-9] INFO  controller.BaseServlet - method:showPersonal_enterprise执行成功！
2024:18:25:39.362 [http-nio-8080-exec-2] INFO  controller.BaseServlet - method:login执行成功！
2024:18:25:40.869 [http-nio-8080-exec-3] INFO  controller.BaseServlet - method:showInformation执行成功！
2024:18:25:42.156 [http-nio-8080-exec-4] INFO  controller.BaseServlet - method:showPersonal_enterprise执行成功！
2024:18:32:26.626 [http-nio-8080-exec-2] INFO  controller.BaseServlet - method:login执行成功！
2024:18:32:27.805 [http-nio-8080-exec-3] INFO  controller.BaseServlet - method:showInformation执行成功！
2024:18:32:29.078 [http-nio-8080-exec-4] INFO  controller.BaseServlet - method:showPersonal_enterprise执行成功！
2024:18:35:34.634 [http-nio-8080-exec-2] INFO  controller.BaseServlet - method:login执行成功！
2024:18:35:35.512 [http-nio-8080-exec-3] INFO  controller.BaseServlet - method:showInformation执行成功！
2024:18:35:36.844 [http-nio-8080-exec-4] INFO  controller.BaseServlet - method:showPersonal_enterprise执行成功！
2024:18:37:37.462 [http-nio-8080-exec-4] INFO  controller.BaseServlet - method:login执行成功！
2024:18:37:41.871 [http-nio-8080-exec-5] INFO  controller.BaseServlet - method:login执行成功！
2024:18:37:43.076 [http-nio-8080-exec-7] INFO  controller.BaseServlet - method:showInformation执行成功！
2024:18:37:44.160 [http-nio-8080-exec-8] INFO  controller.BaseServlet - method:showPersonal_enterprise执行成功！
2024:18:38:37.520 [http-nio-8080-exec-2] INFO  controller.BaseServlet - method:login执行成功！
2024:18:38:45.970 [http-nio-8080-exec-5] INFO  controller.BaseServlet - method:login执行成功！
2024:18:38:53.716 [http-nio-8080-exec-6] INFO  controller.BaseServlet - method:login执行成功！
2024:18:38:54.578 [http-nio-8080-exec-7] INFO  controller.BaseServlet - method:showInformation执行成功！
2024:18:38:55.998 [http-nio-8080-exec-8] INFO  controller.BaseServlet - method:showPersonal_enterprise执行成功！
2024:18:41:18.024 [http-nio-8080-exec-2] INFO  controller.BaseServlet - method:login执行成功！
2024:18:41:19.213 [http-nio-8080-exec-3] INFO  controller.BaseServlet - method:showInformation执行成功！
2024:18:41:20.390 [http-nio-8080-exec-4] INFO  controller.BaseServlet - method:showPersonal_enterprise执行成功！
2024:18:43:25.375 [http-nio-8080-exec-2] INFO  controller.BaseServlet - method:login执行成功！
2024:18:43:26.313 [http-nio-8080-exec-4] INFO  controller.BaseServlet - method:showInformation执行成功！
2024:18:43:27.230 [http-nio-8080-exec-5] INFO  controller.BaseServlet - method:showPersonal_enterprise执行成功！
2024:18:57:41.665 [http-nio-8080-exec-3] INFO  controller.BaseServlet - method:login执行成功！
2024:18:57:47.262 [http-nio-8080-exec-5] INFO  controller.BaseServlet - method:login执行成功！
2024:18:57:48.158 [http-nio-8080-exec-6] INFO  controller.BaseServlet - method:showInformation执行成功！
2024:18:57:49.240 [http-nio-8080-exec-7] INFO  controller.BaseServlet - method:showPersonal_enterprise执行成功！
2024:19:04:34.929 [http-nio-8080-exec-2] INFO  controller.BaseServlet - method:login执行成功！
2024:19:04:35.931 [http-nio-8080-exec-3] INFO  controller.BaseServlet - method:showInformation执行成功！
2024:19:04:37.007 [http-nio-8080-exec-4] INFO  controller.BaseServlet - method:showPersonal_enterprise执行成功！
2024:19:05:33.362 [http-nio-8080-exec-3] INFO  controller.BaseServlet - method:login执行成功！
2024:19:05:34.352 [http-nio-8080-exec-2] INFO  controller.BaseServlet - method:showInformation执行成功！
2024:19:05:35.333 [http-nio-8080-exec-4] INFO  controller.BaseServlet - method:showPersonal_enterprise执行成功！
2024:19:09:02.501 [http-nio-8080-exec-2] INFO  controller.BaseServlet - method:login执行成功！
2024:19:09:03.605 [http-nio-8080-exec-3] INFO  controller.BaseServlet - method:showInformation执行成功！
2024:19:09:04.708 [http-nio-8080-exec-4] INFO  controller.BaseServlet - method:showPersonal_enterprise执行成功！
2024:19:19:22.326 [http-nio-8080-exec-3] INFO  controller.BaseServlet - method:login执行成功！
2024:19:19:23.243 [http-nio-8080-exec-5] INFO  controller.BaseServlet - method:showInformation执行成功！
2024:19:19:24.412 [http-nio-8080-exec-4] INFO  controller.BaseServlet - method:showPersonal_enterprise执行成功！
2024:20:39:51.271 [http-nio-8080-exec-2] INFO  controller.BaseServlet - method:login执行成功！
2024:20:39:52.348 [http-nio-8080-exec-3] INFO  controller.BaseServlet - method:showInformation执行成功！
2024:20:39:53.409 [http-nio-8080-exec-5] INFO  controller.BaseServlet - method:showPersonal_enterprise执行成功！
2024:20:41:37.103 [http-nio-8080-exec-2] INFO  controller.BaseServlet - method:login执行成功！
2024:20:41:49.400 [http-nio-8080-exec-4] INFO  controller.BaseServlet - method:showInformation执行成功！
2024:20:41:50.640 [http-nio-8080-exec-5] INFO  controller.BaseServlet - method:showPersonal_enterprise执行成功！
2024:20:44:14.465 [http-nio-8080-exec-2] INFO  controller.BaseServlet - method:login执行成功！
2024:20:44:15.451 [http-nio-8080-exec-3] INFO  controller.BaseServlet - method:showInformation执行成功！
2024:20:44:16.705 [http-nio-8080-exec-4] INFO  controller.BaseServlet - method:showPersonal_enterprise执行成功！
2024:21:01:01.744 [http-nio-8080-exec-2] INFO  controller.BaseServlet - method:login执行成功！
2024:21:01:02.589 [http-nio-8080-exec-3] INFO  controller.BaseServlet - method:showInformation执行成功！
2024:21:01:03.649 [http-nio-8080-exec-4] INFO  controller.BaseServlet - method:showPersonal_enterprise执行成功！
2024:21:06:06.044 [http-nio-8080-exec-1] INFO  controller.BaseServlet - method:login执行成功！
2024:21:06:07.028 [http-nio-8080-exec-3] INFO  controller.BaseServlet - method:showInformation执行成功！
2024:21:06:07.842 [http-nio-8080-exec-4] INFO  controller.BaseServlet - method:showPersonal_enterprise执行成功！
2024:21:15:09.907 [http-nio-8080-exec-2] INFO  controller.BaseServlet - method:login执行成功！
2024:21:15:15.383 [http-nio-8080-exec-3] INFO  controller.BaseServlet - method:login执行成功！
2024:21:15:21.498 [http-nio-8080-exec-5] INFO  controller.BaseServlet - method:login执行成功！
2024:21:15:22.614 [http-nio-8080-exec-6] INFO  controller.BaseServlet - method:showInformation执行成功！
2024:21:15:23.902 [http-nio-8080-exec-7] INFO  controller.BaseServlet - method:showPersonal_enterprise执行成功！
2024:21:18:26.845 [http-nio-8080-exec-3] INFO  controller.BaseServlet - method:login执行成功！
2024:21:18:27.634 [http-nio-8080-exec-4] INFO  controller.BaseServlet - method:showInformation执行成功！
2024:21:18:28.562 [http-nio-8080-exec-5] INFO  controller.BaseServlet - method:showPersonal_enterprise执行成功！
2024:21:19:03.810 [http-nio-8080-exec-8] INFO  controller.BaseServlet - method:login执行成功！
2024:21:19:05.066 [http-nio-8080-exec-9] INFO  controller.BaseServlet - method:showInformation执行成功！
2024:21:19:06.673 [http-nio-8080-exec-3] INFO  controller.BaseServlet - method:showPersonal_enterprise执行成功！
2024:21:19:27.044 [http-nio-8080-exec-9] INFO  controller.BaseServlet - method:showInformation执行成功！
2024:21:19:31.280 [http-nio-8080-exec-1] INFO  controller.BaseServlet - method:showPersonal_enterprise执行成功！
2024:21:19:34.434 [http-nio-8080-exec-2] INFO  controller.BaseServlet - method:exitPersonal_enterprise执行成功！
2024:21:19:35.475 [http-nio-8080-exec-3] INFO  controller.BaseServlet - method:showInformation执行成功！
2024:21:19:37.603 [http-nio-8080-exec-7] INFO  controller.BaseServlet - method:showPersonal_enterprise执行成功！
2024:21:19:38.617 [http-nio-8080-exec-4] INFO  controller.BaseServlet - method:showInformation执行成功！
2024:21:19:41.189 [http-nio-8080-exec-6] INFO  controller.BaseServlet - method:showEnterprise执行成功！
2024:21:19:42.842 [http-nio-8080-exec-8] INFO  controller.BaseServlet - method:applyJoinEnterprise执行成功！
2024:21:19:43.893 [http-nio-8080-exec-10] INFO  controller.BaseServlet - method:showInformation执行成功！
2024:21:19:45.368 [http-nio-8080-exec-9] INFO  controller.BaseServlet - method:showPersonal_enterprise执行成功！
2024:21:20:18.163 [http-nio-8080-exec-8] INFO  controller.BaseServlet - method:exitPersonal_enterprise执行成功！
2024:21:20:19.409 [http-nio-8080-exec-10] INFO  controller.BaseServlet - method:showInformation执行成功！
2024:21:20:22.829 [http-nio-8080-exec-9] INFO  controller.BaseServlet - method:showEnterprise执行成功！
2024:21:20:24.185 [http-nio-8080-exec-1] INFO  controller.BaseServlet - method:applyJoinEnterprise执行成功！
2024:21:20:25.194 [http-nio-8080-exec-2] INFO  controller.BaseServlet - method:showInformation执行成功！
2024:21:20:26.489 [http-nio-8080-exec-3] INFO  controller.BaseServlet - method:showPersonal_enterprise执行成功！
2024:11:21:49.175 [http-nio-8080-exec-2] INFO  controller.BaseServlet - method:login执行成功！
2024:11:21:50.670 [http-nio-8080-exec-3] INFO  controller.BaseServlet - method:showInformation执行成功！
2024:11:21:52.733 [http-nio-8080-exec-4] INFO  controller.BaseServlet - method:transferMoney执行成功！
2024:11:22:00.543 [http-nio-8080-exec-6] INFO  controller.BaseServlet - method:transferMoney执行成功！
2024:11:22:01.964 [http-nio-8080-exec-7] INFO  controller.BaseServlet - method:showInformation执行成功！
2024:11:22:05.384 [http-nio-8080-exec-8] INFO  controller.BaseServlet - method:showPersonal_flows执行成功！
2024:11:22:18.349 [http-nio-8080-exec-9] INFO  controller.BaseServlet - method:showInformation执行成功！
2024:11:22:20.262 [http-nio-8080-exec-10] INFO  controller.BaseServlet - method:showPersonal_enterprise执行成功！
2024:11:22:21.784 [http-nio-8080-exec-2] INFO  controller.BaseServlet - method:showEnterprise_flows执行成功！
2024:11:22:23.763 [http-nio-8080-exec-5] INFO  controller.BaseServlet - method:showEnterprise_flows执行成功！
2024:11:23:58.773 [http-nio-8080-exec-4] INFO  controller.BaseServlet - method:showEnterprise执行成功！
2024:11:24:02.355 [http-nio-8080-exec-3] INFO  controller.BaseServlet - method:showEnterprise执行成功！
2024:11:24:03.438 [http-nio-8080-exec-5] INFO  controller.BaseServlet - method:showInformation执行成功！
2024:11:24:17.359 [http-nio-8080-exec-9] INFO  controller.BaseServlet - method:login执行成功！
2024:11:24:18.469 [http-nio-8080-exec-10] INFO  controller.BaseServlet - method:showInformation执行成功！
2024:11:24:28.881 [http-nio-8080-exec-1] INFO  controller.BaseServlet - method:transferMoney执行成功！
2024:11:24:30.608 [http-nio-8080-exec-2] INFO  controller.BaseServlet - method:transferMoney执行成功！
2024:11:24:33.810 [http-nio-8080-exec-4] INFO  controller.BaseServlet - method:showPersonal_enterprise执行成功！
2024:11:24:43.597 [http-nio-8080-exec-5] INFO  controller.BaseServlet - method:chargeMoney执行成功！
2024:11:24:44.522 [http-nio-8080-exec-6] INFO  controller.BaseServlet - method:showPersonal_enterprise执行成功！
2024:11:24:46.731 [http-nio-8080-exec-7] INFO  controller.BaseServlet - method:showPersonal_enterprise执行成功！
2024:11:24:48.946 [http-nio-8080-exec-8] INFO  controller.BaseServlet - method:apply_administrator执行成功！
2024:11:24:56.631 [http-nio-8080-exec-4] INFO  controller.BaseServlet - method:showEnterprise_flows执行成功！
2024:11:42:10.678 [http-nio-8080-exec-3] INFO  controller.BaseServlet - method:login执行成功！
2024:11:42:11.798 [http-nio-8080-exec-4] INFO  controller.BaseServlet - method:showInformation执行成功！
2024:11:42:13.150 [http-nio-8080-exec-6] INFO  controller.BaseServlet - method:showPersonal_flows执行成功！
2024:11:42:14.146 [http-nio-8080-exec-7] INFO  controller.BaseServlet - method:showInformation执行成功！
2024:11:42:16.880 [http-nio-8080-exec-9] INFO  controller.BaseServlet - method:showEnterprise执行成功！
2024:11:42:19.295 [http-nio-8080-exec-1] INFO  controller.BaseServlet - method:showInformation执行成功！
2024:11:42:26.621 [http-nio-8080-exec-3] INFO  controller.BaseServlet - method:showPersonal_enterprise执行成功！
2024:11:42:27.896 [http-nio-8080-exec-4] INFO  controller.BaseServlet - method:showInformation执行成功！
2024:11:42:33.825 [http-nio-8080-exec-6] INFO  controller.BaseServlet - method:updateInformation执行成功！
2024:11:42:34.865 [http-nio-8080-exec-7] INFO  controller.BaseServlet - method:showInformation执行成功！
2024:11:42:52.102 [http-nio-8080-exec-9] INFO  controller.BaseServlet - method:loginOut执行成功！
2024:11:43:01.358 [http-nio-8080-exec-1] INFO  controller.BaseServlet - method:loginOut执行成功！
2024:11:43:36.729 [http-nio-8080-exec-6] INFO  controller.BaseServlet - method:login执行成功！
2024:11:43:37.724 [http-nio-8080-exec-7] INFO  controller.BaseServlet - method:showInformation执行成功！
2024:11:43:41.219 [http-nio-8080-exec-8] INFO  controller.BaseServlet - method:showEnterprise执行成功！
2024:11:43:42.252 [http-nio-8080-exec-9] INFO  controller.BaseServlet - method:showInformation执行成功！
2024:11:43:43.221 [http-nio-8080-exec-10] INFO  controller.BaseServlet - method:loginOut执行成功！
2024:11:43:51.369 [http-nio-8080-exec-2] INFO  controller.BaseServlet - method:showEnterprise执行成功！
2024:11:43:52.505 [http-nio-8080-exec-3] INFO  controller.BaseServlet - method:showInformation执行成功！
2024:11:47:14.399 [http-nio-8080-exec-4] INFO  controller.BaseServlet - method:apply_Unban执行成功！
2024:17:33:06.795 [http-nio-8080-exec-2] INFO  controller.BaseServlet - method:login执行成功！
2024:17:33:08.147 [http-nio-8080-exec-4] INFO  controller.BaseServlet - method:showInformation执行成功！
2024:17:33:10.185 [http-nio-8080-exec-6] INFO  controller.BaseServlet - method:showPersonal_enterprise执行成功！
2024:17:33:20.701 [http-nio-8080-exec-9] INFO  controller.BaseServlet - method:allot_Money执行成功！
2024:17:33:21.810 [http-nio-8080-exec-10] INFO  controller.BaseServlet - method:showPersonal_enterprise执行成功！
2024:17:35:16.591 [http-nio-8080-exec-2] INFO  controller.BaseServlet - method:login执行成功！
2024:17:35:17.477 [http-nio-8080-exec-3] INFO  controller.BaseServlet - method:showInformation执行成功！
2024:17:35:48.784 [http-nio-8080-exec-2] INFO  controller.BaseServlet - method:showInformation执行成功！
2024:17:36:03.016 [http-nio-8080-exec-7] INFO  controller.BaseServlet - method:login执行成功！
2024:17:36:04.293 [http-nio-8080-exec-8] INFO  controller.BaseServlet - method:showInformation执行成功！
2024:17:36:06.399 [http-nio-8080-exec-1] INFO  controller.BaseServlet - method:transferMoney执行成功！
2024:17:36:13.886 [http-nio-8080-exec-2] INFO  controller.BaseServlet - method:transferMoney执行成功！
2024:17:36:16.124 [http-nio-8080-exec-4] INFO  controller.BaseServlet - method:transferMoney执行成功！
2024:17:36:18.674 [http-nio-8080-exec-5] INFO  controller.BaseServlet - method:transferMoney执行成功！
2024:17:36:19.827 [http-nio-8080-exec-6] INFO  controller.BaseServlet - method:showInformation执行成功！
2024:17:36:22.290 [http-nio-8080-exec-8] INFO  controller.BaseServlet - method:showPersonal_flows执行成功！
2024:17:36:44.878 [http-nio-8080-exec-3] INFO  controller.BaseServlet - method:showInformation执行成功！
2024:17:36:54.759 [http-nio-8080-exec-2] INFO  controller.BaseServlet - method:transferMoney执行成功！
2024:17:36:55.858 [http-nio-8080-exec-4] INFO  controller.BaseServlet - method:showInformation执行成功！
2024:18:46:10.764 [http-nio-8080-exec-3] INFO  controller.BaseServlet - method:login执行成功！
2024:18:46:11.888 [http-nio-8080-exec-4] INFO  controller.BaseServlet - method:showInformation执行成功！
2024:18:46:12.975 [http-nio-8080-exec-6] INFO  controller.BaseServlet - method:showPersonal_enterprise执行成功！
2024:18:46:16.720 [http-nio-8080-exec-9] INFO  controller.BaseServlet - method:showPersonal_enterprise执行成功！
2024:18:48:40.797 [http-nio-8080-exec-4] INFO  controller.BaseServlet - method:login执行成功！
2024:18:48:41.839 [http-nio-8080-exec-5] INFO  controller.BaseServlet - method:showInformation执行成功！
2024:18:48:42.961 [http-nio-8080-exec-6] INFO  controller.BaseServlet - method:showPersonal_enterprise执行成功！
2024:18:48:44.946 [http-nio-8080-exec-8] INFO  controller.BaseServlet - method:showPersonal_enterprise执行成功！
2024:18:48:54.637 [http-nio-8080-exec-10] ERROR controller.BaseServlet - controller.EnterpriseServlet.transferMoney(jakarta.servlet.http.HttpServletRequest,jakarta.servlet.http.HttpServletResponse)
2024:18:49:20.542 [http-nio-8080-exec-3] ERROR controller.BaseServlet - controller.EnterpriseServlet.transferMoney(jakarta.servlet.http.HttpServletRequest,jakarta.servlet.http.HttpServletResponse)
2024:18:50:59.479 [http-nio-8080-exec-4] INFO  controller.BaseServlet - method:login执行成功！
2024:18:51:00.603 [http-nio-8080-exec-5] INFO  controller.BaseServlet - method:showInformation执行成功！
2024:18:51:01.777 [http-nio-8080-exec-8] INFO  controller.BaseServlet - method:showPersonal_enterprise执行成功！
2024:18:51:03.952 [http-nio-8080-exec-7] ERROR controller.BaseServlet - controller.EnterpriseServlet.transferMoney(jakarta.servlet.http.HttpServletRequest,jakarta.servlet.http.HttpServletResponse)
2024:18:59:37.259 [http-nio-8080-exec-5] INFO  controller.BaseServlet - method:login执行成功！
2024:18:59:37.987 [http-nio-8080-exec-6] INFO  controller.BaseServlet - method:showInformation执行成功！
2024:18:59:41.002 [http-nio-8080-exec-8] INFO  controller.BaseServlet - method:showPersonal_enterprise执行成功！
2024:18:59:42.567 [http-nio-8080-exec-10] INFO  controller.BaseServlet - method:transfer_money执行成功！
2024:18:59:44.732 [http-nio-8080-exec-2] INFO  controller.BaseServlet - method:transfer_money执行成功！
2024:18:59:54.941 [http-nio-8080-exec-3] INFO  controller.BaseServlet - method:transfer_money执行成功！
2024:19:00:00.368 [http-nio-8080-exec-4] INFO  controller.BaseServlet - method:transfer_money执行成功！
2024:19:07:20.158 [http-nio-8080-exec-2] INFO  controller.BaseServlet - method:login执行成功！
2024:19:07:21.217 [http-nio-8080-exec-3] INFO  controller.BaseServlet - method:showInformation执行成功！
2024:19:07:22.447 [http-nio-8080-exec-5] INFO  controller.BaseServlet - method:showPersonal_enterprise执行成功！
2024:19:07:31.264 [http-nio-8080-exec-8] INFO  controller.BaseServlet - method:transfer_money执行成功！
2024:19:07:36.956 [http-nio-8080-exec-10] INFO  controller.BaseServlet - method:transfer_money执行成功！
2024:19:07:38.921 [http-nio-8080-exec-9] INFO  controller.BaseServlet - method:transfer_money执行成功！
2024:19:07:53.349 [http-nio-8080-exec-1] INFO  controller.BaseServlet - method:transfer_money执行成功！
2024:19:07:58.645 [http-nio-8080-exec-2] INFO  controller.BaseServlet - method:transfer_money执行成功！
2024:19:08:18.135 [http-nio-8080-exec-2] INFO  controller.BaseServlet - method:showEnterprise_flows执行成功！
2024:19:08:22.149 [http-nio-8080-exec-4] INFO  controller.BaseServlet - method:showPersonal_enterprise执行成功！
2024:19:08:24.642 [http-nio-8080-exec-5] INFO  controller.BaseServlet - method:showInformation执行成功！
2024:19:08:26.261 [http-nio-8080-exec-7] INFO  controller.BaseServlet - method:showEnterprise执行成功！
2024:19:09:29.558 [http-nio-8080-exec-4] INFO  controller.BaseServlet - method:login执行成功！
2024:19:09:36.339 [http-nio-8080-exec-5] INFO  controller.BaseServlet - method:login执行成功！
2024:19:09:37.342 [http-nio-8080-exec-7] INFO  controller.BaseServlet - method:showInformation执行成功！
2024:19:09:38.478 [http-nio-8080-exec-9] INFO  controller.BaseServlet - method:showPersonal_enterprise执行成功！
2024:19:09:58.624 [http-nio-8080-exec-2] INFO  controller.BaseServlet - method:transfer_money执行成功！
2024:19:10:03.100 [http-nio-8080-exec-3] INFO  controller.BaseServlet - method:transfer_money执行成功！
2024:19:10:08.684 [http-nio-8080-exec-4] INFO  controller.BaseServlet - method:transfer_money执行成功！
2024:19:12:12.048 [http-nio-8080-exec-2] INFO  controller.BaseServlet - method:login执行成功！
2024:19:12:12.920 [http-nio-8080-exec-3] INFO  controller.BaseServlet - method:showInformation执行成功！
2024:19:12:17.865 [http-nio-8080-exec-6] INFO  controller.BaseServlet - method:showPersonal_enterprise执行成功！
2024:19:12:26.125 [http-nio-8080-exec-8] INFO  controller.BaseServlet - method:chargeMoney执行成功！
2024:19:12:27.305 [http-nio-8080-exec-9] INFO  controller.BaseServlet - method:showPersonal_enterprise执行成功！
2024:19:12:47.347 [http-nio-8080-exec-2] INFO  controller.BaseServlet - method:transfer_money执行成功！
2024:19:12:48.471 [http-nio-8080-exec-3] INFO  controller.BaseServlet - method:showPersonal_enterprise执行成功！
2024:19:12:52.269 [http-nio-8080-exec-5] INFO  controller.BaseServlet - method:showInformation执行成功！
2024:19:12:54.540 [http-nio-8080-exec-4] INFO  controller.BaseServlet - method:showEnterprise执行成功！
2024:19:12:58.777 [http-nio-8080-exec-6] INFO  controller.BaseServlet - method:showInformation执行成功！
2024:19:13:01.216 [http-nio-8080-exec-8] INFO  controller.BaseServlet - method:showPersonal_flows执行成功！
2024:19:13:02.462 [http-nio-8080-exec-9] INFO  controller.BaseServlet - method:showInformation执行成功！
2024:19:13:03.221 [http-nio-8080-exec-10] INFO  controller.BaseServlet - method:loginOut执行成功！
